-------------------------------------------------------------------------------
Test set: com.travels.springmvc.services.TestSignUp2
-------------------------------------------------------------------------------
Tests run: 1, Failures: 0, Errors: 1, Skipped: 0, Time elapsed: 0.01 s <<< FAILURE! - in com.travels.springmvc.services.TestSignUp2
initializationError  Time elapsed: 0.01 s  <<< ERROR!
org.junit.runners.model.InvalidTestClassError: 
Invalid test class 'com.travels.springmvc.services.TestSignUp2':
  1. No runnable methods

