<?xml version="1.0" encoding="UTF-8"?>
<testsuite xmlns:xsi="http://www.w3.org/2001/XMLSchema-instance" xsi:noNamespaceSchemaLocation="https://maven.apache.org/surefire/maven-surefire-plugin/xsd/surefire-test-report.xsd" name="com.travels.springmvc.services.implement.AccountServiceTest" time="9.22" tests="10" errors="9" skipped="0" failures="0">
  <properties>
[...]
</properties>
  <testcase name="getElementById" classname="com.travels.springmvc.services.implement.AccountServiceTest" time="0.465"/>
  <testcase name="createAccount{String, String, String, String, String, String, String, String, String}[1]" classname="com.travels.springmvc.services.implement.AccountServiceTest" time="0.246">
    <error message="User tồn tại" type="java.lang.Exception">java.lang.Exception: User tồn tại
	at com.travels.springmvc.services.implement.AccountServiceTest.createAccount(AccountServiceTest.java:96)
</error>
  </testcase>
  <testcase name="createAccount{String, String, String, String, String, String, String, String, String}[2]" classname="com.travels.springmvc.services.implement.AccountServiceTest" time="0.029">
    <error message="User tồn tại" type="java.lang.Exception">java.lang.Exception: User tồn tại
	at com.travels.springmvc.services.implement.AccountServiceTest.createAccount(AccountServiceTest.java:96)
</error>
  </testcase>
  <testcase name="createAccount{String, String, String, String, String, String, String, String, String}[3]" classname="com.travels.springmvc.services.implement.AccountServiceTest" time="0.044">
    <error message="User tồn tại" type="java.lang.Exception">java.lang.Exception: User tồn tại
	at com.travels.springmvc.services.implement.AccountServiceTest.createAccount(AccountServiceTest.java:96)
</error>
  </testcase>
  <testcase name="createAccount{String, String, String, String, String, String, String, String, String}[4]" classname="com.travels.springmvc.services.implement.AccountServiceTest" time="0.044">
    <error message="User tồn tại" type="java.lang.Exception">java.lang.Exception: User tồn tại
	at com.travels.springmvc.services.implement.AccountServiceTest.createAccount(AccountServiceTest.java:96)
</error>
  </testcase>
  <testcase name="createAccount{String, String, String, String, String, String, String, String, String}[5]" classname="com.travels.springmvc.services.implement.AccountServiceTest" time="0.043">
    <error message="User tồn tại" type="java.lang.Exception">java.lang.Exception: User tồn tại
	at com.travels.springmvc.services.implement.AccountServiceTest.createAccount(AccountServiceTest.java:96)
</error>
  </testcase>
  <testcase name="createAccount{String, String, String, String, String, String, String, String, String}[6]" classname="com.travels.springmvc.services.implement.AccountServiceTest" time="0.017">
    <error type="java.lang.IllegalArgumentException">java.lang.IllegalArgumentException
	at com.travels.springmvc.services.implement.AccountServiceTest.createAccount(AccountServiceTest.java:96)
</error>
  </testcase>
  <testcase name="createAccount{String, String, String, String, String, String, String, String, String}[7]" classname="com.travels.springmvc.services.implement.AccountServiceTest" time="0.04">
    <error message="User tồn tại" type="java.lang.Exception">java.lang.Exception: User tồn tại
	at com.travels.springmvc.services.implement.AccountServiceTest.createAccount(AccountServiceTest.java:96)
</error>
  </testcase>
  <testcase name="createAccount{String, String, String, String, String, String, String, String, String}[8]" classname="com.travels.springmvc.services.implement.AccountServiceTest" time="0.04">
    <error message="User tồn tại" type="java.lang.Exception">java.lang.Exception: User tồn tại
	at com.travels.springmvc.services.implement.AccountServiceTest.createAccount(AccountServiceTest.java:96)
</error>
  </testcase>
  <testcase name="createAccount{String, String, String, String, String, String, String, String, String}[9]" classname="com.travels.springmvc.services.implement.AccountServiceTest" time="0.01">
    <error type="java.lang.IllegalArgumentException">java.lang.IllegalArgumentException
	at com.travels.springmvc.services.implement.AccountServiceTest.createAccount(AccountServiceTest.java:96)
</error>
  </testcase>
</testsuite>